<?xml version="1.0" encoding="UTF-8"?>
<!-- Generated by org.testng.reporters.JUnitXMLReporter -->
<testsuite ignored="0" hostname="DESKTOP-KMCTGLT" failures="0" tests="2" name="Default test" time="33.679" errors="0" timestamp="2022-06-01T18:43:01 IST">
  <testcase classname="com.project_export_Test_Cases.SME_Zone_Test" name="Test020_Send_Q_to_Speaker_InvalidDetails" time="7.123"/>
  <testcase classname="com.project_export_Test_Cases.SME_Zone_Test" name="Test021_Send_Q_to_SME_InvalidDetails" time="4.431"/>
</testsuite> <!-- Default test -->
