<?xml version="1.0" encoding="UTF-8"?>
<testng-results ignored="0" total="1" passed="1" failed="0" skipped="0">
  <reporter-output>
  </reporter-output>
  <suite started-at="2022-05-26T14:51:13 IST" name="Default suite" finished-at="2022-05-26T14:52:24 IST" duration-ms="70430">
    <groups>
    </groups>
    <test started-at="2022-05-26T14:51:13 IST" name="Default test" finished-at="2022-05-26T14:52:24 IST" duration-ms="70430">
      <class name="com.project_export_Test_Cases.Table_of_10">
        <test-method is-config="true" signature="applicationSetup()[pri:0, instance:com.project_export_Test_Cases.Table_of_10@57a3af25]" started-at="2022-05-26T14:51:13 IST" name="applicationSetup" finished-at="2022-05-26T14:51:30 IST" duration-ms="16883" status="PASS">
          <reporter-output>
          </reporter-output>
        </test-method> <!-- applicationSetup -->
        <test-method signature="test_As_BookerandMemberwithSubmitand_50percentCoupenCode()[pri:0, instance:com.project_export_Test_Cases.Table_of_10@57a3af25]" started-at="2022-05-26T14:51:30 IST" name="test_As_BookerandMemberwithSubmitand_50percentCoupenCode" finished-at="2022-05-26T14:52:23 IST" duration-ms="53263" status="PASS">
          <reporter-output>
          </reporter-output>
        </test-method> <!-- test_As_BookerandMemberwithSubmitand_50percentCoupenCode -->
        <test-method is-config="true" signature="applicationClose()[pri:0, instance:com.project_export_Test_Cases.Table_of_10@57a3af25]" started-at="2022-05-26T14:52:24 IST" name="applicationClose" finished-at="2022-05-26T14:52:24 IST" duration-ms="1" status="PASS">
          <reporter-output>
          </reporter-output>
        </test-method> <!-- applicationClose -->
      </class> <!-- com.project_export_Test_Cases.Table_of_10 -->
    </test> <!-- Default test -->
  </suite> <!-- Default suite -->
</testng-results>
