<?xml version="1.0" encoding="UTF-8"?>
<testng-results ignored="0" total="1" passed="1" failed="0" skipped="0">
  <reporter-output>
  </reporter-output>
  <suite started-at="2022-05-30T16:17:52 IST" name="Default suite" finished-at="2022-05-30T16:19:21 IST" duration-ms="89609">
    <groups>
    </groups>
    <test started-at="2022-05-30T16:17:52 IST" name="Default test" finished-at="2022-05-30T16:19:21 IST" duration-ms="89609">
      <class name="com.project_export_Test_Cases.SME_Zone_Test">
        <test-method is-config="true" signature="applicationSetup()[pri:0, instance:com.project_export_Test_Cases.SME_Zone_Test@74fe5c40]" started-at="2022-05-30T16:17:52 IST" name="applicationSetup" finished-at="2022-05-30T16:18:38 IST" duration-ms="46535" status="PASS">
          <reporter-output>
          </reporter-output>
        </test-method> <!-- applicationSetup -->
        <test-method signature="Test020_Send_Q_to_SME()[pri:0, instance:com.project_export_Test_Cases.SME_Zone_Test@74fe5c40]" started-at="2022-05-30T16:18:38 IST" name="Test020_Send_Q_to_SME" finished-at="2022-05-30T16:19:21 IST" duration-ms="42694" status="PASS">
          <reporter-output>
          </reporter-output>
        </test-method> <!-- Test020_Send_Q_to_SME -->
        <test-method is-config="true" signature="applicationClose()[pri:0, instance:com.project_export_Test_Cases.SME_Zone_Test@74fe5c40]" started-at="2022-05-30T16:19:21 IST" name="applicationClose" finished-at="2022-05-30T16:19:21 IST" duration-ms="0" status="PASS">
          <reporter-output>
          </reporter-output>
        </test-method> <!-- applicationClose -->
      </class> <!-- com.project_export_Test_Cases.SME_Zone_Test -->
    </test> <!-- Default test -->
  </suite> <!-- Default suite -->
</testng-results>
